<?xml version="1.0" encoding="utf-8"?><testsuites name="pytest tests"><testsuite name="pytest" errors="0" failures="0" skipped="0" tests="25" time="6.528" timestamp="2026-05-30T16:46:14.218503+00:00" hostname="agent-env-a54db256-a7c6-424f-b7ba-ecc5c672a585"><testcase classname="backend.tests.test_muslim_world_api.TestHealth" name="test_healthz" time="0.178" /><testcase classname="backend.tests.test_muslim_world_api.TestSites" name="test_list_sites_count" time="0.055" /><testcase classname="backend.tests.test_muslim_world_api.TestSites" name="test_featured_sites" time="0.049" /><testcase classname="backend.tests.test_muslim_world_api.TestSites" name="test_sites_by_region" time="0.056" /><testcase classname="backend.tests.test_muslim_world_api.TestSites" name="test_get_site_1_haram" time="0.049" /><testcase classname="backend.tests.test_muslim_world_api.TestSites" name="test_get_site_4_dome" time="0.047" /><testcase classname="backend.tests.test_muslim_world_api.TestSites" name="test_get_site_not_found" time="0.045" /><testcase classname="backend.tests.test_muslim_world_api.TestSites" name="test_list_hotspots_for_site" time="0.045" /><testcase classname="backend.tests.test_muslim_world_api.TestAuth" name="test_register_new_user" time="0.279" /><testcase classname="backend.tests.test_muslim_world_api.TestAuth" name="test_register_duplicate" time="0.341" /><testcase classname="backend.tests.test_muslim_world_api.TestAuth" name="test_register_short_password" time="0.050" /><testcase classname="backend.tests.test_muslim_world_api.TestAuth" name="test_login_admin_success" time="0.274" /><testcase classname="backend.tests.test_muslim_world_api.TestAuth" name="test_login_wrong_password" time="0.276" /><testcase classname="backend.tests.test_muslim_world_api.TestAuth" name="test_me_with_token" time="0.052" /><testcase classname="backend.tests.test_muslim_world_api.TestAuth" name="test_me_without_token" time="0.104" /><testcase classname="backend.tests.test_muslim_world_api.TestCollections" name="test_collection_flow" time="0.537" /><testcase classname="backend.tests.test_muslim_world_api.TestCollections" name="test_collections_requires_auth" time="0.118" /><testcase classname="backend.tests.test_muslim_world_api.TestLogs" name="test_upsert_log_visited" time="0.109" /><testcase classname="backend.tests.test_muslim_world_api.TestLogs" name="test_upsert_log_prayed_update" time="0.234" /><testcase classname="backend.tests.test_muslim_world_api.TestAdminRoutes" name="test_patch_site_as_admin" time="0.404" /><testcase classname="backend.tests.test_muslim_world_api.TestAdminRoutes" name="test_patch_site_as_user_forbidden" time="0.100" /><testcase classname="backend.tests.test_muslim_world_api.TestAdminRoutes" name="test_patch_site_no_token" time="0.136" /><testcase classname="backend.tests.test_muslim_world_api.TestAdminRoutes" name="test_admin_create_and_delete_hotspot" time="0.268" /><testcase classname="backend.tests.test_muslim_world_api.TestAdminRoutes" name="test_non_admin_create_hotspot_forbidden" time="0.106" /><testcase classname="backend.tests.test_muslim_world_api.TestSeedIntegrity" name="test_total_hotspots" time="2.482" /></testsuite></testsuites>